Using pre-set license
Built from '2020.2/staging' branch; Version is '2020.2.3f1 (8ff31bc5bf5b) revision 9433883'; Using compiler version '192528614'; Build Type 'Release'
OS: 'Windows 10 Home; OS build 18363.1316; Version 1909; 64bit' Language: 'en' Physical Memory: 16332 MB
BatchMode: 1, IsHumanControllingUs: 0, StartBugReporterOnCrash: 0, Is64bit: 1, IsPro: 0

 COMMAND LINE ARGUMENTS:
C:\Program Files\Unity\Hub\Editor\2020.2.3f1\Editor\Unity.exe
-adb2
-batchMode
-noUpm
-name
AssetImportWorker0
-projectPath
C:/Users/mosne/Desktop/AIForGames/AI/Tower Defense Unity Project
-logFile
Logs/AssetImportWorker0.log
-srvPort
58359
Successfully changed project path to: C:/Users/mosne/Desktop/AIForGames/AI/Tower Defense Unity Project
C:/Users/mosne/Desktop/AIForGames/AI/Tower Defense Unity Project
Using Asset Import Pipeline V2.
Cannot set VR devices because the platform passed isn't supported by Unity.

Cannot set VR devices because the platform passed isn't supported by Unity.

Cannot set VR devices because the platform passed isn't supported by Unity.

Cannot set VR devices because the platform passed isn't supported by Unity.

Cannot set VR devices because the platform passed isn't supported by Unity.

Cannot set VR devices because the platform passed isn't supported by Unity.

Cannot set VR devices because the platform passed isn't supported by Unity.

Cannot set VR devices because the platform passed isn't supported by Unity.

Cannot set VR devices because the platform passed isn't supported by Unity.

Cannot set VR devices because the platform passed isn't supported by Unity.

Cannot set VR devices because the platform passed isn't supported by Unity.

Refreshing native plugins compatible for Editor in 38.34 ms, found 0 plugins.
Preloading 0 native plugins for Editor in 0.00 ms.
Initialize engine version: 2020.2.3f1 (8ff31bc5bf5b)
[Subsystems] Discovering subsystems at path C:/Program Files/Unity/Hub/Editor/2020.2.3f1/Editor/Data/Resources/UnitySubsystems
[Subsystems] Discovering subsystems at path C:/Users/mosne/Desktop/AIForGames/AI/Tower Defense Unity Project/Assets
GfxDevice: creating device client; threaded=0
Direct3D:
    Version:  Direct3D 11.0 [level 11.1]
    Renderer: NVIDIA GeForce RTX 2060 (ID=0x1f08)
    Vendor:   
    VRAM:     5980 MB
    Driver:   27.21.14.6140
Initialize mono
Mono path[0] = 'C:/Program Files/Unity/Hub/Editor/2020.2.3f1/Editor/Data/Managed'
Mono path[1] = 'C:/Program Files/Unity/Hub/Editor/2020.2.3f1/Editor/Data/MonoBleedingEdge/lib/mono/unityjit'
Mono config path = 'C:/Program Files/Unity/Hub/Editor/2020.2.3f1/Editor/Data/MonoBleedingEdge/etc'
Using monoOptions --debugger-agent=transport=dt_socket,embedding=1,server=y,suspend=n,address=127.0.0.1:56244
Begin MonoManager ReloadAssembly
Registering precompiled unity dll's ...
Register platform support module: C:/Program Files/Unity/Hub/Editor/2020.2.3f1/Editor/Data/PlaybackEngines/WindowsStandaloneSupport/UnityEditor.WindowsStandalone.Extensions.dll
Registered in 0.001697 seconds.
Native extension for WindowsStandalone target not found
Refreshing native plugins compatible for Editor in 33.80 ms, found 0 plugins.
Preloading 0 native plugins for Editor in 0.00 ms.
Invoked RoslynAnalysisRunner static constructor.
RoslynAnalysisRunner will not be running.
RoslynAnalysisRunner has terminated.
Mono: successfully reloaded assembly
- Completed reload, in  0.940 seconds
Platform modules already initialized, skipping
Registering precompiled user dll's ...
Registered in 0.002119 seconds.
Begin MonoManager ReloadAssembly
Native extension for WindowsStandalone target not found
Refreshing native plugins compatible for Editor in 0.36 ms, found 0 plugins.
Preloading 0 native plugins for Editor in 0.00 ms.
Invoked RoslynAnalysisRunner static constructor.
RoslynAnalysisRunner will not be running.
RoslynAnalysisRunner has terminated.
Mono: successfully reloaded assembly
- Completed reload, in  0.755 seconds
Platform modules already initialized, skipping
========================================================================
Worker process is ready to serve import requests
Cannot set VR devices because the platform passed isn't supported by Unity.

Cannot set VR devices because the platform passed isn't supported by Unity.

Cannot set VR devices because the platform passed isn't supported by Unity.

Cannot set VR devices because the platform passed isn't supported by Unity.

Cannot set VR devices because the platform passed isn't supported by Unity.

Cannot set VR devices because the platform passed isn't supported by Unity.

Cannot set VR devices because the platform passed isn't supported by Unity.

Cannot set VR devices because the platform passed isn't supported by Unity.

Cannot set VR devices because the platform passed isn't supported by Unity.

Cannot set VR devices because the platform passed isn't supported by Unity.

Cannot set VR devices because the platform passed isn't supported by Unity.

Launched and connected shader compiler UnityShaderCompiler.exe after 0.05 seconds
Refreshing native plugins compatible for Editor in 0.35 ms, found 0 plugins.
Preloading 0 native plugins for Editor in 0.00 ms.
Unloading 1422 Unused Serialized files (Serialized files now loaded: 0)
System memory in use before: 65.3 MB.
System memory in use after: 65.4 MB.

Unloading 33 unused Assets to reduce memory usage. Loaded Objects now: 1852.
Total: 1.787300 ms (FindLiveObjects: 0.139800 ms CreateObjectMapping: 0.051700 ms MarkObjects: 1.523800 ms  DeleteObjects: 0.070500 ms)

========================================================================
Received Import Request.
  path: Assets
  artifactKey: Guid(00000000000000001000000000000000) Importer(815301076,1909f56bfc062723c751e8b465ee728b)
Start importing Assets using Guid(00000000000000001000000000000000) Importer(815301076,1909f56bfc062723c751e8b465ee728b)  -> (artifact id: '653ce283d384579a24208b2e4d727c2a') in 0.008176 seconds
  Import took 0.010290 seconds .

========================================================================
Received Import Request.
  Time since last request: 2.168821 seconds.
  path: Assets/Klaus
  artifactKey: Guid(3aa6faf7afb6a2c4289489abc3b79036) Importer(815301076,1909f56bfc062723c751e8b465ee728b)
Start importing Assets/Klaus using Guid(3aa6faf7afb6a2c4289489abc3b79036) Importer(815301076,1909f56bfc062723c751e8b465ee728b)  -> (artifact id: 'bbdaa05e9c93657f038628489f724a6a') in 0.003442 seconds
  Import took 0.005639 seconds .

========================================================================
Received Import Request.
  Time since last request: 4.122992 seconds.
  path: Assets/Thomas
  artifactKey: Guid(5a50e20929e5ac345a977bc7973ac114) Importer(815301076,1909f56bfc062723c751e8b465ee728b)
Start importing Assets/Thomas using Guid(5a50e20929e5ac345a977bc7973ac114) Importer(815301076,1909f56bfc062723c751e8b465ee728b)  -> (artifact id: 'b02c9dac1c53d792997738ee7af5ea75') in 0.003606 seconds
  Import took 0.005790 seconds .

========================================================================
Received Import Request.
  Time since last request: 5.827140 seconds.
  path: Assets/Thomas.unity
  artifactKey: Guid(d26579b7c626c3d499f7ec43b3c96bb4) Importer(815301076,1909f56bfc062723c751e8b465ee728b)
Start importing Assets/Thomas.unity using Guid(d26579b7c626c3d499f7ec43b3c96bb4) Importer(815301076,1909f56bfc062723c751e8b465ee728b)  -> (artifact id: '1a3a9f4fb29eeb500f415f7080050e1c') in 0.009677 seconds
  Import took 0.011676 seconds .

========================================================================
Received Import Request.
  Time since last request: 5.648350 seconds.
  path: Assets/Klaus.unity
  artifactKey: Guid(600ff63dbe805ab45b9e0c08e1647a1c) Importer(815301076,1909f56bfc062723c751e8b465ee728b)
Start importing Assets/Klaus.unity using Guid(600ff63dbe805ab45b9e0c08e1647a1c) Importer(815301076,1909f56bfc062723c751e8b465ee728b)  -> (artifact id: '5b40bfcb464078899f4612da3b052c60') in 0.007815 seconds
  Import took 0.009816 seconds .

========================================================================
Received Import Request.
  Time since last request: 20.934762 seconds.
  path: Assets/Scripts
  artifactKey: Guid(6add34ccd96cc714a9e9c821935a4c35) Importer(815301076,1909f56bfc062723c751e8b465ee728b)
Start importing Assets/Scripts using Guid(6add34ccd96cc714a9e9c821935a4c35) Importer(815301076,1909f56bfc062723c751e8b465ee728b)  -> (artifact id: '52022fc463276c8f6773b50fb91a9b10') in 0.006087 seconds
  Import took 0.008148 seconds .

========================================================================
Received Import Request.
  Time since last request: 3.955778 seconds.
  path: Assets/Scripts/GameManager.cs
  artifactKey: Guid(a9bf5b9b70d005b40b70c0fd56f05cc2) Importer(815301076,1909f56bfc062723c751e8b465ee728b)
Start importing Assets/Scripts/GameManager.cs using Guid(a9bf5b9b70d005b40b70c0fd56f05cc2) Importer(815301076,1909f56bfc062723c751e8b465ee728b)  -> (artifact id: '190227cbdbbedca77a3e3415c152ff37') in 0.016112 seconds
  Import took 0.018193 seconds .

AssetImportWorkerClient::OnTransportError - code=2 error=End of file
